[15:05:53] [Server thread/INFO]: Starting minecraft server version 1.12.2
[15:05:53] [Server thread/INFO]: Loading properties
[15:05:53] [Server thread/INFO]: Default game type: SURVIVAL
[15:05:53] [Server thread/INFO]: Generating keypair
[15:05:54] [Server thread/INFO]: Starting Minecraft server on *:25565
[15:05:54] [Server thread/INFO]: Using default channel type
[15:05:55] [Server thread/WARN]: **** SERVER IS RUNNING IN OFFLINE/INSECURE MODE!
[15:05:55] [Server thread/WARN]: The server will make no attempt to authenticate usernames. Beware.
[15:05:55] [Server thread/WARN]: While this makes the game possible to play without internet access, it also opens up the ability for hackers to connect with any username they choose.
[15:05:55] [Server thread/WARN]: To change this, set "online-mode" to "true" in the server.properties file.
[15:05:55] [Server thread/INFO]: Preparing level "world"
[15:05:57] [Server thread/INFO]: Loaded 488 advancements
[15:05:57] [Server thread/INFO]: Preparing start region for level 0
[15:05:59] [Server thread/INFO]: Preparing spawn area: 0%
[15:06:00] [Server thread/INFO]: Preparing spawn area: 20%
[15:06:01] [Server thread/INFO]: Preparing spawn area: 45%
[15:06:01] [Server thread/WARN]: Keeping entity minecraft:cow that already exists with UUID 603618fd-7691-4fdd-b434-f97b75f3a498
[15:06:01] [Server thread/WARN]: Keeping entity minecraft:cow that already exists with UUID 4a84e993-9ed6-4da6-b33a-ceac14c71b86
[15:06:02] [Server thread/INFO]: Preparing spawn area: 72%
[15:06:02] [Server thread/INFO]: Done (6,767s)! For help, type "help" or "?"
