[21:05:13] [Server thread/INFO]: Starting minecraft server version 1.12.2
[21:05:13] [Server thread/INFO]: Loading properties
[21:05:13] [Server thread/INFO]: Default game type: SURVIVAL
[21:05:13] [Server thread/INFO]: Generating keypair
[21:05:14] [Server thread/INFO]: Starting Minecraft server on *:25565
[21:05:14] [Server thread/INFO]: Using epoll channel type
[21:05:14] [Server thread/WARN]: **** SERVER IS RUNNING IN OFFLINE/INSECURE MODE!
[21:05:14] [Server thread/WARN]: The server will make no attempt to authenticate usernames. Beware.
[21:05:14] [Server thread/WARN]: While this makes the game possible to play without internet access, it also opens up the ability for hackers to connect with any username they choose.
[21:05:14] [Server thread/WARN]: To change this, set "online-mode" to "true" in the server.properties file.
[21:05:14] [Server thread/INFO]: Preparing level "world"
[21:05:14] [Server thread/INFO]: Loaded 488 advancements
[21:05:14] [Server thread/INFO]: Preparing start region for level 0
[21:05:15] [Server thread/INFO]: Preparing spawn area: 4%
[21:05:16] [Server thread/WARN]: Keeping entity minecraft:cow that already exists with UUID 603618fd-7691-4fdd-b434-f97b75f3a498
[21:05:16] [Server thread/WARN]: Keeping entity minecraft:cow that already exists with UUID 4a84e993-9ed6-4da6-b33a-ceac14c71b86
[21:05:16] [Server thread/INFO]: Preparing spawn area: 66%
[21:05:17] [Server thread/INFO]: Done (2.995s)! For help, type "help" or "?"
[21:07:33] [Server Shutdown Thread/INFO]: Stopping server
[21:07:33] [Server Shutdown Thread/INFO]: Saving players
[21:07:33] [Server Shutdown Thread/INFO]: Saving worlds
[21:07:33] [Server Shutdown Thread/INFO]: Saving chunks for level 'world'/overworld
